[2024-04-25T16:29:09.600+0000] {local_task_job_runner.py:120} INFO - ::group::Pre task execution logs
[2024-04-25T16:29:09.658+0000] {taskinstance.py:2073} INFO - Dependencies all met for dep_context=non-requeueable deps ti=<TaskInstance: test_dag.post_periods scheduled__2024-04-25T16:27:00+00:00 [queued]>
[2024-04-25T16:29:09.674+0000] {taskinstance.py:2073} INFO - Dependencies all met for dep_context=requeueable deps ti=<TaskInstance: test_dag.post_periods scheduled__2024-04-25T16:27:00+00:00 [queued]>
[2024-04-25T16:29:09.675+0000] {taskinstance.py:2303} INFO - Starting attempt 1 of 1
[2024-04-25T16:29:09.738+0000] {taskinstance.py:2327} INFO - Executing <Task(SimpleHttpOperator): post_periods> on 2024-04-25 16:27:00+00:00
[2024-04-25T16:29:09.759+0000] {standard_task_runner.py:90} INFO - Running: ['***', 'tasks', 'run', 'test_dag', 'post_periods', 'scheduled__2024-04-25T16:27:00+00:00', '--job-id', '62', '--raw', '--subdir', 'DAGS_FOLDER/test.py', '--cfg-path', '/tmp/tmp1h6si6uu']
[2024-04-25T16:29:09.763+0000] {standard_task_runner.py:91} INFO - Job 62: Subtask post_periods
[2024-04-25T16:29:09.766+0000] {logging_mixin.py:188} WARNING - /home/***/.local/lib/python3.12/site-packages/***/task/task_runner/standard_task_runner.py:61 DeprecationWarning: This process (pid=889) is multi-threaded, use of fork() may lead to deadlocks in the child.
[2024-04-25T16:29:09.772+0000] {standard_task_runner.py:63} INFO - Started process 891 to run task
[2024-04-25T16:29:09.854+0000] {task_command.py:426} INFO - Running <TaskInstance: test_dag.post_periods scheduled__2024-04-25T16:27:00+00:00 [running]> on host f9a12f9b65d4
[2024-04-25T16:29:10.095+0000] {taskinstance.py:2644} INFO - Exporting env vars: AIRFLOW_CTX_DAG_OWNER='***' AIRFLOW_CTX_DAG_ID='test_dag' AIRFLOW_CTX_TASK_ID='post_periods' AIRFLOW_CTX_EXECUTION_DATE='2024-04-25T16:27:00+00:00' AIRFLOW_CTX_TRY_NUMBER='1' AIRFLOW_CTX_DAG_RUN_ID='scheduled__2024-04-25T16:27:00+00:00'
[2024-04-25T16:29:10.099+0000] {taskinstance.py:430} INFO - ::endgroup::
[2024-04-25T16:29:10.172+0000] {http.py:169} INFO - Calling HTTP method
[2024-04-25T16:29:10.212+0000] {base.py:84} INFO - Using connection ID 'taldau' for task execution.
[2024-04-25T16:29:10.272+0000] {base.py:84} INFO - Using connection ID 'taldau' for task execution.
[2024-04-25T16:29:10.324+0000] {http.py:242} WARNING - HTTPConnectionPool(host='127.0.0.1', port=8000): Max retries exceeded with url: //api/v1/short-term-inflation/year-inflation/ (Caused by NewConnectionError('<urllib3.connection.HTTPConnection object at 0x7fcc30e93380>: Failed to establish a new connection: [Errno 111] Connection refused')) Tenacity will retry to execute the operation
[2024-04-25T16:29:10.325+0000] {taskinstance.py:441} INFO - ::group::Post task execution logs
[2024-04-25T16:29:10.329+0000] {taskinstance.py:2890} ERROR - Task failed with exception
Traceback (most recent call last):
  File "/home/airflow/.local/lib/python3.12/site-packages/urllib3/connection.py", line 174, in _new_conn
    conn = connection.create_connection(
           ^^^^^^^^^^^^^^^^^^^^^^^^^^^^^
  File "/home/airflow/.local/lib/python3.12/site-packages/urllib3/util/connection.py", line 95, in create_connection
    raise err
  File "/home/airflow/.local/lib/python3.12/site-packages/urllib3/util/connection.py", line 85, in create_connection
    sock.connect(sa)
ConnectionRefusedError: [Errno 111] Connection refused

During handling of the above exception, another exception occurred:

Traceback (most recent call last):
  File "/home/airflow/.local/lib/python3.12/site-packages/urllib3/connectionpool.py", line 715, in urlopen
    httplib_response = self._make_request(
                       ^^^^^^^^^^^^^^^^^^^
  File "/home/airflow/.local/lib/python3.12/site-packages/urllib3/connectionpool.py", line 416, in _make_request
    conn.request(method, url, **httplib_request_kw)
  File "/home/airflow/.local/lib/python3.12/site-packages/urllib3/connection.py", line 244, in request
    super(HTTPConnection, self).request(method, url, body=body, headers=headers)
  File "/usr/local/lib/python3.12/http/client.py", line 1331, in request
    self._send_request(method, url, body, headers, encode_chunked)
  File "/usr/local/lib/python3.12/http/client.py", line 1377, in _send_request
    self.endheaders(body, encode_chunked=encode_chunked)
  File "/usr/local/lib/python3.12/http/client.py", line 1326, in endheaders
    self._send_output(message_body, encode_chunked=encode_chunked)
  File "/usr/local/lib/python3.12/http/client.py", line 1085, in _send_output
    self.send(msg)
  File "/usr/local/lib/python3.12/http/client.py", line 1029, in send
    self.connect()
  File "/home/airflow/.local/lib/python3.12/site-packages/urllib3/connection.py", line 205, in connect
    conn = self._new_conn()
           ^^^^^^^^^^^^^^^^
  File "/home/airflow/.local/lib/python3.12/site-packages/urllib3/connection.py", line 186, in _new_conn
    raise NewConnectionError(
urllib3.exceptions.NewConnectionError: <urllib3.connection.HTTPConnection object at 0x7fcc30e93380>: Failed to establish a new connection: [Errno 111] Connection refused

During handling of the above exception, another exception occurred:

Traceback (most recent call last):
  File "/home/airflow/.local/lib/python3.12/site-packages/requests/adapters.py", line 486, in send
    resp = conn.urlopen(
           ^^^^^^^^^^^^^
  File "/home/airflow/.local/lib/python3.12/site-packages/urllib3/connectionpool.py", line 799, in urlopen
    retries = retries.increment(
              ^^^^^^^^^^^^^^^^^^
  File "/home/airflow/.local/lib/python3.12/site-packages/urllib3/util/retry.py", line 592, in increment
    raise MaxRetryError(_pool, url, error or ResponseError(cause))
urllib3.exceptions.MaxRetryError: HTTPConnectionPool(host='127.0.0.1', port=8000): Max retries exceeded with url: //api/v1/short-term-inflation/year-inflation/ (Caused by NewConnectionError('<urllib3.connection.HTTPConnection object at 0x7fcc30e93380>: Failed to establish a new connection: [Errno 111] Connection refused'))

During handling of the above exception, another exception occurred:

Traceback (most recent call last):
  File "/home/airflow/.local/lib/python3.12/site-packages/airflow/models/taskinstance.py", line 465, in _execute_task
    result = _execute_callable(context=context, **execute_callable_kwargs)
             ^^^^^^^^^^^^^^^^^^^^^^^^^^^^^^^^^^^^^^^^^^^^^^^^^^^^^^^^^^^^^
  File "/home/airflow/.local/lib/python3.12/site-packages/airflow/models/taskinstance.py", line 432, in _execute_callable
    return execute_callable(context=context, **execute_callable_kwargs)
           ^^^^^^^^^^^^^^^^^^^^^^^^^^^^^^^^^^^^^^^^^^^^^^^^^^^^^^^^^^^^
  File "/home/airflow/.local/lib/python3.12/site-packages/airflow/models/baseoperator.py", line 400, in wrapper
    return func(self, *args, **kwargs)
           ^^^^^^^^^^^^^^^^^^^^^^^^^^^
  File "/home/airflow/.local/lib/python3.12/site-packages/airflow/providers/http/operators/http.py", line 166, in execute
    return self.execute_sync(context=context)
           ^^^^^^^^^^^^^^^^^^^^^^^^^^^^^^^^^^
  File "/home/airflow/.local/lib/python3.12/site-packages/airflow/providers/http/operators/http.py", line 170, in execute_sync
    response = self.hook.run(self.endpoint, self.data, self.headers, self.extra_options)
               ^^^^^^^^^^^^^^^^^^^^^^^^^^^^^^^^^^^^^^^^^^^^^^^^^^^^^^^^^^^^^^^^^^^^^^^^^
  File "/home/airflow/.local/lib/python3.12/site-packages/airflow/providers/http/hooks/http.py", line 187, in run
    return self.run_and_check(session, prepped_request, extra_options)
           ^^^^^^^^^^^^^^^^^^^^^^^^^^^^^^^^^^^^^^^^^^^^^^^^^^^^^^^^^^^
  File "/home/airflow/.local/lib/python3.12/site-packages/airflow/providers/http/hooks/http.py", line 243, in run_and_check
    raise ex
  File "/home/airflow/.local/lib/python3.12/site-packages/airflow/providers/http/hooks/http.py", line 235, in run_and_check
    response = session.send(prepped_request, **send_kwargs)
               ^^^^^^^^^^^^^^^^^^^^^^^^^^^^^^^^^^^^^^^^^^^^
  File "/home/airflow/.local/lib/python3.12/site-packages/requests/sessions.py", line 703, in send
    r = adapter.send(request, **kwargs)
        ^^^^^^^^^^^^^^^^^^^^^^^^^^^^^^^
  File "/home/airflow/.local/lib/python3.12/site-packages/requests/adapters.py", line 519, in send
    raise ConnectionError(e, request=request)
requests.exceptions.ConnectionError: HTTPConnectionPool(host='127.0.0.1', port=8000): Max retries exceeded with url: //api/v1/short-term-inflation/year-inflation/ (Caused by NewConnectionError('<urllib3.connection.HTTPConnection object at 0x7fcc30e93380>: Failed to establish a new connection: [Errno 111] Connection refused'))
[2024-04-25T16:29:10.406+0000] {taskinstance.py:1205} INFO - Marking task as FAILED. dag_id=test_dag, task_id=post_periods, execution_date=20240425T162700, start_date=20240425T162909, end_date=20240425T162910
[2024-04-25T16:29:10.456+0000] {standard_task_runner.py:110} ERROR - Failed to execute job 62 for task post_periods (HTTPConnectionPool(host='127.0.0.1', port=8000): Max retries exceeded with url: //api/v1/short-term-inflation/year-inflation/ (Caused by NewConnectionError('<urllib3.connection.HTTPConnection object at 0x7fcc30e93380>: Failed to establish a new connection: [Errno 111] Connection refused')); 891)
[2024-04-25T16:29:10.512+0000] {local_task_job_runner.py:240} INFO - Task exited with return code 1
[2024-04-25T16:29:10.563+0000] {taskinstance.py:3482} INFO - 0 downstream tasks scheduled from follow-on schedule check
[2024-04-25T16:29:10.568+0000] {local_task_job_runner.py:222} INFO - ::endgroup::
